This is pdfTeX, Version 3.141592653-2.6-1.40.27 (TeX Live 2026/dev/Arch Linux) (preloaded format=prv_tarea4 2026.2.20)  20 FEB 2026 02:31
entering extended mode
 restricted \write18 enabled.
 file:line:error style messages enabled.
 %&-line parsing enabled.
**&prv_tarea4 /AUCTEXINPUT{ _region_.tex }
(./_region_.tex
Package csquotes Info: Checking for multilingual support...
Package csquotes Info: ... found 'babel' package.
Package csquotes Info: Adjusting default style.
Package csquotes Info: Redefining alias 'default' -> 'spanish'.

No file _region_.aux.
LaTeX Font Info:    Checking defaults for OML/cmm/m/it on input line 13.
LaTeX Font Info:    ... okay on input line 13.
LaTeX Font Info:    Checking defaults for OMS/cmsy/m/n on input line 13.
LaTeX Font Info:    ... okay on input line 13.
LaTeX Font Info:    Checking defaults for OT1/cmr/m/n on input line 13.
LaTeX Font Info:    ... okay on input line 13.
LaTeX Font Info:    Checking defaults for T1/cmr/m/n on input line 13.
LaTeX Font Info:    ... okay on input line 13.
LaTeX Font Info:    Checking defaults for TS1/cmr/m/n on input line 13.
LaTeX Font Info:    ... okay on input line 13.
LaTeX Font Info:    Checking defaults for OMX/cmex/m/n on input line 13.
LaTeX Font Info:    ... okay on input line 13.
LaTeX Font Info:    Checking defaults for U/cmr/m/n on input line 13.
LaTeX Font Info:    ... okay on input line 13.
LaTeX Font Info:    Checking defaults for PD1/pdf/m/n on input line 13.
LaTeX Font Info:    ... okay on input line 13.
LaTeX Font Info:    Checking defaults for PU/pdf/m/n on input line 13.
LaTeX Font Info:    ... okay on input line 13.
LaTeX Info: Redefining \. on input line 13.
LaTeX Info: Redefining \% on input line 13.
*geometry* driver: auto-detecting
*geometry* detected driver: pdftex
*geometry* verbose mode - [ preamble ] result:
* driver: pdftex
* paper: a4paper
* layout: <same size as paper>
* layoutoffset:(h,v)=(0.0pt,0.0pt)
* modes: 
* h-part:(L,W,R)=(42.67912pt, 512.14963pt, 42.67912pt)
* v-part:(T,H,B)=(42.67912pt, 759.6886pt, 42.67912pt)
* \paperwidth=597.50787pt
* \paperheight=845.04684pt
* \textwidth=512.14963pt
* \textheight=759.6886pt
* \oddsidemargin=-29.59087pt
* \evensidemargin=-29.59087pt
* \topmargin=-66.59087pt
* \headheight=12.0pt
* \headsep=25.0pt
* \topskip=12.0pt
* \footskip=30.0pt
* \marginparwidth=56.9055pt
* \marginparsep=10.0pt
* \columnsep=10.0pt
* \skip\footins=10.8pt plus 4.0pt minus 2.0pt
* \hoffset=0.0pt
* \voffset=0.0pt
* \mag=1000
* \@twocolumnfalse
* \@twosidefalse
* \@mparswitchfalse
* \@reversemarginfalse
* (1in=72.27pt=25.4mm, 1cm=28.453pt)

(/usr/share/texmf-dist/tex/context/base/mkii/supp-pdf.mkii
[Loading MPS to PDF converter (version 2006.09.02).]
\scratchcounter=\count367
\scratchdimen=\dimen315
\scratchbox=\box122
\nofMPsegments=\count368
\nofMParguments=\count369
\everyMPshowfont=\toks59
\MPscratchCnt=\count370
\MPscratchDim=\dimen316
\MPnumerator=\count371
\makeMPintoPDFobject=\count372
\everyMPtoPDFconversion=\toks60
) (/usr/share/texmf-dist/tex/latex/epstopdf-pkg/epstopdf-base.sty
Package: epstopdf-base 2020-01-24 v2.11 Base part for package epstopdf
Package epstopdf-base Info: Redefining graphics rule for `.eps' on input line 485.
 (/usr/share/texmf-dist/tex/latex/latexconfig/epstopdf-sys.cfg
File: epstopdf-sys.cfg 2010/07/13 v1.3 Configuration of (r)epstopdf for TeX Live
))
Package pgfplots notification 'compat/show suggested version=true': you might benefit from \pgfplotsset{compat=1.18} (current compat level: 1.15).

Package caption Info: Begin \AtBeginDocument code.
Package caption Info: float package is loaded.
Package caption Info: hyperref package is loaded.
Package caption Info: End \AtBeginDocument code.
\providecommand\hyper@newdestlabel[2]{}
Package hyperref Info: Link coloring ON on input line 13.
(/home/void/.emacs.d/elpa/auctex-14.1.2/latex/preview.sty
Package: preview 2024/06/30 14.0.6 (AUCTeX/preview-latex)
 (/usr/share/texmf-dist/tex/generic/luatex85/luatex85.sty
Package: luatex85 2016/06/15 v1.4 pdftex aliases for luatex
) (/home/void/.emacs.d/elpa/auctex-14.1.2/latex/prtightpage.def
\PreviewBorder=\dimen317
) (/home/void/.emacs.d/elpa/auctex-14.1.2/latex/prauctex.def
No auxiliary output files.


\hbadness=\count373
\hfuzz=\dimen318
(/home/void/.emacs.d/elpa/auctex-14.1.2/latex/prauctex.cfg)) (/home/void/.emacs.d/elpa/auctex-14.1.2/latex/prfootnotes.def)
\pr@snippet=\count374
\pr@box=\box123
\pr@output=\toks61

Preview: Fontsize 12pt
Preview: PDFoutput 1
)  !name(tarea4.tex) !offset(-3) 
Package mdframed Info: mdframed detected package amsthm 
 changed the theorem header of amsthm
(mdframed)              on input line 29.

./_region_.tex:30: Preview: Snippet 1 started.
<-><->
      
l.30 ...edio generalizado para integrales)} Sean $
                                                  f$ y $g$ funciones integra...
Not a real error.

Preview: Tightpage -32891 -32891 32891 32891
./_region_.tex:30: Preview: Snippet 1 ended.(546132+152916x463527).
<-><->
      
l.30 ...io generalizado para integrales)} Sean $f$
                                                   y $g$ funciones integrabl...
Not a real error.

[1{/var/lib/texmf/fonts/map/pdftex/updmap/pdftex.map}{/usr/share/texmf-dist/fonts/enc/dvips/lm/lm-mathit.enc}]
./_region_.tex:30: Preview: Snippet 2 started.
<-><->
      
l.30 ...eneralizado para integrales)} Sean $f$ y $
                                                  g$ funciones integrables e...
Not a real error.

./_region_.tex:30: Preview: Snippet 2 ended.(338603+152916x396944).
<-><->
      
l.30 ...eralizado para integrales)} Sean $f$ y $g$
                                                   funciones integrables en ...
Not a real error.

[2]
./_region_.tex:30: Preview: Snippet 3 started.
<-><->
      
l.30 ...g$ funciones integrables en un intervalo $
                                                  [a,b]$. Prueba que si $f$ ...
Not a real error.

./_region_.tex:30: Preview: Snippet 3 ended.(589824+196608x1508959).
<-><->
      
l.30 ...ciones integrables en un intervalo $[a,b]$
                                                  . Prueba que si $f$ es con...
Not a real error.

[3{/usr/share/texmf-dist/fonts/enc/dvips/lm/lm-rm.enc}]
./_region_.tex:30: Preview: Snippet 4 started.
<-><->
      
l.30 ...s en un intervalo $[a,b]$. Prueba que si $
                                                  f$ es continua y $g$ no ca...
Not a real error.

./_region_.tex:30: Preview: Snippet 4 ended.(546132+152916x463527).
<-><->
      
l.30 ...en un intervalo $[a,b]$. Prueba que si $f$
                                                   es continua y $g$ no cambia
Not a real error.

[4]
./_region_.tex:30: Preview: Snippet 5 started.
<-><->
      
l.30 ...$[a,b]$. Prueba que si $f$ es continua y $
                                                  g$ no cambia
Not a real error.

./_region_.tex:30: Preview: Snippet 5 ended.(338603+152916x396944).
<-><->
      
l.30 ...a,b]$. Prueba que si $f$ es continua y $g$
                                                   no cambia
Not a real error.

[5]
./_region_.tex:31: Preview: Snippet 6 started.
<-><->
      
l.31         de signo, entonces existe $
                                        c\in[a,b]$ tal que
Not a real error.

./_region_.tex:31: Preview: Snippet 6 ended.(589824+196608x2801555).
<-><->
      
l.31         de signo, entonces existe $c\in[a,b]$
                                                   tal que
Not a real error.

[6{/usr/share/texmf-dist/fonts/enc/dvips/lm/lm-mathsy.enc}]
./_region_.tex:32: Preview: Snippet 7 started.
<-><->
      
l.32         \begin{align*}
                           
Not a real error.

./_region_.tex:34: Preview: Snippet 7 ended.(1645697+0x18774306).
<-><->
      
l.34         \end{align*}
                         
Not a real error.


LaTeX Warning: Command \pdfstringdef invalid in math mode on input line 34.

[7{/usr/share/texmf-dist/fonts/enc/dvips/lm/lm-mathex.enc}]
./_region_.tex:35: Preview: Snippet 8 started.
<-><->
      
l.35 ... \textbf{Sugerencia:} Supón primero que $
                                                  g\geq0$ (el caso en que $g...
Not a real error.

./_region_.tex:35: Preview: Snippet 8 ended.(500148+152916x1830538).
<-><->
      
l.35 ...f{Sugerencia:} Supón primero que $g\geq0$
                                                   (el caso en que $g\leq0$ ...
Not a real error.

[8]
./_region_.tex:35: Preview: Snippet 9 started.
<-><->
      
l.35 ...ón primero que $g\geq0$ (el caso en que $
                                                  g\leq0$ se sigue facilment...
Not a real error.

./_region_.tex:35: Preview: Snippet 9 ended.(500148+152916x1830538).
<-><->
      
l.35 ...mero que $g\geq0$ (el caso en que $g\leq0$
                                                   se sigue facilmente del c...
Not a real error.

[9]
./_region_.tex:35: Preview: Snippet 10 started.
<-><->
      
l.35 ...eq0$ se sigue facilmente del caso en que $
                                                  g\geq0$). Ten en cuenta que
Not a real error.

./_region_.tex:35: Preview: Snippet 10 ended.(500148+152916x1830538).
<-><->
      
l.35 ... sigue facilmente del caso en que $g\geq0$
                                                  ). Ten en cuenta que
Not a real error.

[10]
./_region_.tex:36: Preview: Snippet 11 started.
<-><->
      
l.36         \begin{align*}
                           
Not a real error.

./_region_.tex:38: Preview: Snippet 11 ended.(1140322+0x18335254).
<-><->
      
l.38         \end{align*}
                         
Not a real error.


LaTeX Warning: Command \pdfstringdef invalid in math mode on input line 38.

[11]
./_region_.tex:40: Preview: Snippet 12 started.
<-><->
      
l.40         \begin{align*}
                           
Not a real error.

./_region_.tex:42: Preview: Snippet 12 ended.(1140322+0x20123455).
<-><->
      
l.42         \end{align*}
                         
Not a real error.


LaTeX Warning: Command \pdfstringdef invalid in math mode on input line 42.

[12]
./_region_.tex:44: Preview: Snippet 13 started.
<-><->
      
l.44         \begin{align*}
                           
Not a real error.

./_region_.tex:46: Preview: Snippet 13 ended.(1140322+0x20391646).
<-><->
      
l.46         \end{align*}
                         
Not a real error.


LaTeX Warning: Command \pdfstringdef invalid in math mode on input line 46.

[13]
./_region_.tex:48: Preview: Snippet 14 started.
<-><->
      
l.48         \begin{align*}
                           
Not a real error.

./_region_.tex:50: Preview: Snippet 14 ended.(1645697+0x20151129).
<-><->
      
l.50         \end{align*}
                         
Not a real error.


LaTeX Warning: Command \pdfstringdef invalid in math mode on input line 50.

[14]
./_region_.tex:51: Preview: Snippet 15 started.
<-><->
      
l.51         Si $
                 \int_{a}^{b}g=0$, entonces $\int_{a}^{b}fg=0$ y el resultad...
Not a real error.

./_region_.tex:51: Preview: Snippet 15 ended.(717258+200253x2656846).
<-><->
      
l.51         Si $\int_{a}^{b}g=0$
                                 , entonces $\int_{a}^{b}fg=0$ y el resultad...
Not a real error.

[15]
./_region_.tex:51: Preview: Snippet 16 started.
<-><->
      
l.51         Si $\int_{a}^{b}g=0$, entonces $
                                             \int_{a}^{b}fg=0$ y el resultad...
Not a real error.

./_region_.tex:51: Preview: Snippet 16 ended.(717258+200253x3120373).
<-><->
      
l.51 ...t_{a}^{b}g=0$, entonces $\int_{a}^{b}fg=0$
                                                   y el resultado es claro. ...
Not a real error.

[16]
./_region_.tex:51: Preview: Snippet 17 started.
<-><->
      
l.51 ...{a}^{b}fg=0$ y el resultado es claro. Si $
                                                  \int_{a}^{b}g\neq0$, entonces
Not a real error.

./_region_.tex:51: Preview: Snippet 17 ended.(717258+200253x2656846).
<-><->
      
l.51 ...esultado es claro. Si $\int_{a}^{b}g\neq0$
                                                  , entonces
Not a real error.

[17]
./_region_.tex:52: Preview: Snippet 18 started.
<-><->
      
l.52         \begin{align*}
                           
Not a real error.

./_region_.tex:54: Preview: Snippet 18 ended.(1894000+0x19306399).
<-><->
      
l.54         \end{align*}
                         
Not a real error.


LaTeX Warning: Command \pdfstringdef invalid in math mode on input line 54.

[18]
Package mdframed Info: mdframed detected package amsthm 
 changed the theorem header of amsthm
(mdframed)              on input line 56.

./_region_.tex:59: Preview: Snippet 19 started.
<-><->
      
l.59         Supongamos que $
                             g\geq0$, el caso en que $g\leq0$ se sigue
Not a real error.

./_region_.tex:59: Preview: Snippet 19 ended.(500148+152916x1830538).
<-><->
      
l.59         Supongamos que $g\geq0$
                                    , el caso en que $g\leq0$ se sigue
Not a real error.

[19]
./_region_.tex:59: Preview: Snippet 20 started.
<-><->
      
l.59 ... Supongamos que $g\geq0$, el caso en que $
                                                  g\leq0$ se sigue
Not a real error.

./_region_.tex:59: Preview: Snippet 20 ended.(500148+152916x1830538).
<-><->
      
l.59 ...amos que $g\geq0$, el caso en que $g\leq0$
                                                   se sigue
Not a real error.

[20]
./_region_.tex:60: Preview: Snippet 21 started.
<-><->
      
l.60         facilmente del caso en que $
                                         g\geq0$. Tengamos en cuenta que
Not a real error.

./_region_.tex:60: Preview: Snippet 21 ended.(500148+152916x1830538).
<-><->
      
l.60         facilmente del caso en que $g\geq0$
                                                . Tengamos en cuenta que
Not a real error.

[21]
./_region_.tex:61: Preview: Snippet 22 started.
<-><->
      
l.61         \begin{align*}
                           
Not a real error.

./_region_.tex:63: Preview: Snippet 22 ended.(1140322+0x21204799).
<-><->
      
l.63         \end{align*}
                         
Not a real error.


LaTeX Warning: Command \pdfstringdef invalid in math mode on input line 63.

[22]
./_region_.tex:65: Preview: Snippet 23 started.
<-><->
      
l.65         \begin{align*}
                           
Not a real error.

./_region_.tex:67: Preview: Snippet 23 ended.(1140322+0x21472990).
<-><->
      
l.67         \end{align*}
                         
Not a real error.


LaTeX Warning: Command \pdfstringdef invalid in math mode on input line 67.

[23]
./_region_.tex:69: Preview: Snippet 24 started.
<-><->
      
l.69         \begin{align*}
                           
Not a real error.

./_region_.tex:71: Preview: Snippet 24 ended.(1645697+0x21232473).
<-><->
      
l.71         \end{align*}
                         
Not a real error.


LaTeX Warning: Command \pdfstringdef invalid in math mode on input line 71.

[24]
./_region_.tex:72: Preview: Snippet 25 started.
<-><->
      
l.72         Si $
                 \int_{a}^{b}g=0$, entonces $\int_{a}^{b}fg=0$ y el resultad...
Not a real error.

./_region_.tex:72: Preview: Snippet 25 ended.(717258+200253x2656846).
<-><->
      
l.72         Si $\int_{a}^{b}g=0$
                                 , entonces $\int_{a}^{b}fg=0$ y el resultad...
Not a real error.

[25]
./_region_.tex:72: Preview: Snippet 26 started.
<-><->
      
l.72         Si $\int_{a}^{b}g=0$, entonces $
                                             \int_{a}^{b}fg=0$ y el resultad...
Not a real error.

./_region_.tex:72: Preview: Snippet 26 ended.(717258+200253x3120373).
<-><->
      
l.72 ...t_{a}^{b}g=0$, entonces $\int_{a}^{b}fg=0$
                                                   y el resultado es claro. ...
Not a real error.

[26]
./_region_.tex:72: Preview: Snippet 27 started.
<-><->
      
l.72 ...{a}^{b}fg=0$ y el resultado es claro. Si $
                                                  \int_{a}^{b}g\neq0$, entonces
Not a real error.

./_region_.tex:72: Preview: Snippet 27 ended.(717258+200253x2656846).
<-><->
      
l.72 ...esultado es claro. Si $\int_{a}^{b}g\neq0$
                                                  , entonces
Not a real error.

[27]
./_region_.tex:73: Preview: Snippet 28 started.
<-><->
      
l.73         \begin{align*}
                           
Not a real error.

./_region_.tex:75: Preview: Snippet 28 ended.(1894000+0x20387743).
<-><->
      
l.75         \end{align*}
                         
Not a real error.


LaTeX Warning: Command \pdfstringdef invalid in math mode on input line 75.

[28]

./_region_.tex:77: Preview: Snippet 29 started.
<-><->
      
l.77         \begin{align*}
                           
Not a real error.

./_region_.tex:79: Preview: Snippet 29 ended.(1894000+0x19523726).
<-><->
      
l.79         \end{align*}
                         
Not a real error.


LaTeX Warning: Command \pdfstringdef invalid in math mode on input line 79.

[29]
./_region_.tex:81: Preview: Snippet 30 started.
<-><->
      
l.81         \begin{align*}
                           
Not a real error.

./_region_.tex:83: Preview: Snippet 30 ended.(1140322+0x18797293).
<-><->
      
l.83         \end{align*}
                         
Not a real error.


LaTeX Warning: Command \pdfstringdef invalid in math mode on input line 83.

[30]
./_region_.tex:84: Preview: Snippet 31 started.
<-><->
      
l.84         Dado que $
                       f$ es continua en $[a,b]$, su imagen es el intervalo ...
Not a real error.

./_region_.tex:84: Preview: Snippet 31 ended.(546132+152916x463527).
<-><->
      
l.84         Dado que $f$
                          es continua en $[a,b]$, su imagen es el intervalo ...
Not a real error.

[31]
./_region_.tex:84: Preview: Snippet 32 started.
<-><->
      
l.84         Dado que $f$ es continua en $
                                          [a,b]$, su imagen es el intervalo ...
Not a real error.

./_region_.tex:84: Preview: Snippet 32 ended.(589824+196608x1508959).
<-><->
      
l.84         Dado que $f$ es continua en $[a,b]$
                                                , su imagen es el intervalo ...
Not a real error.

[32]
./_region_.tex:84: Preview: Snippet 33 started.
<-><->
      
l.84 ...a,b]$, su imagen es el intervalo cerrado $
                                                  [m,M]$. Por el teorema del
Not a real error.

./_region_.tex:84: Preview: Snippet 33 ended.(589824+196608x2278003).
<-><->
      
l.84 ... su imagen es el intervalo cerrado $[m,M]$
                                                  . Por el teorema del
Not a real error.

[33]
./_region_.tex:85: Preview: Snippet 34 started.
<-><->
      
l.85         valor intermedio, existe un punto $
                                                c\in[a,b]$ tal que
Not a real error.

./_region_.tex:85: Preview: Snippet 34 ended.(589824+196608x2801555).
<-><->
      
l.85 ...or intermedio, existe un punto $c\in[a,b]$
                                                   tal que
Not a real error.

[34]
./_region_.tex:86: Preview: Snippet 35 started.
<-><->
      
l.86         \begin{align*}
                           
Not a real error.

./_region_.tex:88: Preview: Snippet 35 ended.(1140322+0x18285587).
<-><->
      
l.88         \end{align*}
                         
Not a real error.


LaTeX Warning: Command \pdfstringdef invalid in math mode on input line 88.

[35]
./_region_.tex:89: Preview: Snippet 36 started.
<-><->
      
l.89 ...  Mutliplicando la igualdad anterior por $
                                                  \int_{a}^{b}g$, obtenemos
Not a real error.

./_region_.tex:89: Preview: Snippet 36 ended.(717258+200253x1235989).
<-><->
      
l.89 ...o la igualdad anterior por $\int_{a}^{b}g$
                                                  , obtenemos
Not a real error.

[36]
./_region_.tex:90: Preview: Snippet 37 started.
<-><->
      
l.90         \begin{align*}
                           
Not a real error.

./_region_.tex:92: Preview: Snippet 37 ended.(1645697+0x19855650).
<-><->
      
l.92         \end{align*}
                         
Not a real error.


LaTeX Warning: Command \pdfstringdef invalid in math mode on input line 92.

[37]
Package mdframed Info: mdframed detected package amsthm 
 changed the theorem header of amsthm
(mdframed)              on input line 95.

./_region_.tex:96: Preview: Snippet 38 started.
<-><->
      
l.96 ...al de una función impar)} Prueba que si $
                                                  f$ es una función impar e...
Not a real error.

./_region_.tex:96: Preview: Snippet 38 ended.(546132+152916x463527).
<-><->
      
l.96 ... de una función impar)} Prueba que si $f$
                                                   es una función impar e i...
Not a real error.

[38]
./_region_.tex:96: Preview: Snippet 39 started.
<-><->
      
l.96 ...ción impar e integrable en un intervalo $
                                                  [-a,a]$, entonces
Not a real error.

./_region_.tex:96: Preview: Snippet 39 ended.(589824+196608x2197453).
<-><->
      
l.96 ...mpar e integrable en un intervalo $[-a,a]$
                                                  , entonces
Not a real error.

[39]
./_region_.tex:97: Preview: Snippet 40 started.
<-><->
      
l.97         \begin{align*}
                           
Not a real error.

./_region_.tex:99: Preview: Snippet 40 ended.(1561959+0x17378460).
<-><->
      
l.99         \end{align*}
                         
Not a real error.


LaTeX Warning: Command \pdfstringdef invalid in math mode on input line 99.

[40]
./_region_.tex:100: Preview: Snippet 41 started.
<-><->
      
l.100         \textbf{Sugerencia 1:} Sean $
                                           P=\{t_{0},\dots,t_{n}\}$ una part...
Not a real error.

./_region_.tex:100: Preview: Snippet 41 ended.(589824+196608x5388613).
<-><->
      
l.100 ...rencia 1:} Sean $P=\{t_{0},\dots,t_{n}\}$
                                                   una partición del interv...
Not a real error.

[41]
./_region_.tex:100: Preview: Snippet 42 started.
<-><->
      
l.100 ...s,t_{n}\}$ una partición del intervalo $
                                                  [0,a]$ y $Q=\{-t_{0},\dots...
Not a real error.

./_region_.tex:100: Preview: Snippet 42 ended.(589824+196608x1566580).
<-><->
      
l.100 ...}\}$ una partición del intervalo $[0,a]$
                                                   y $Q=\{-t_{0},\dots,-t_{n...
Not a real error.

[42]
./_region_.tex:100: Preview: Snippet 43 started.
<-><->
      
l.100 ... una partición del intervalo $[0,a]$ y $
                                                  Q=\{-t_{0},\dots,-t_{n}\}$...
Not a real error.

./_region_.tex:100: Preview: Snippet 43 ended.(589824+196608x6618543).
<-><->
      
l.100 ...alo $[0,a]$ y $Q=\{-t_{0},\dots,-t_{n}\}$
                                                  ; así, $Q$ es una partici...
Not a real error.

[43]
./_region_.tex:100: Preview: Snippet 44 started.
<-><->
      
l.100 ...]$ y $Q=\{-t_{0},\dots,-t_{n}\}$; así, $
                                                  Q$ es una partición del i...
Not a real error.

./_region_.tex:100: Preview: Snippet 44 ended.(537395+152916x609879).
<-><->
      
l.100 ... y $Q=\{-t_{0},\dots,-t_{n}\}$; así, $Q$
                                                   es una partición del int...
Not a real error.

[44]
./_region_.tex:100: Preview: Snippet 45 started.
<-><->
      
l.100 ...í, $Q$ es una partición del intervalo $
                                                  [-a,0]$.
Not a real error.

./_region_.tex:100: Preview: Snippet 45 ended.(589824+196608x2178251).
<-><->
      
l.100 ... es una partición del intervalo $[-a,0]$
                                                  .
Not a real error.

[45]
./_region_.tex:102: Preview: Snippet 46 started.
<-><->
      
l.102         \begin{align*}
                            
Not a real error.

./_region_.tex:104: Preview: Snippet 46 ended.(1140322+0x19060265).
<-><->
      
l.104         \end{align*}
                          
Not a real error.


LaTeX Warning: Command \pdfstringdef invalid in math mode on input line 104.

[46]
./_region_.tex:106: Preview: Snippet 47 started.
<-><->
      
l.106         \begin{align*}
                            
Not a real error.

./_region_.tex:108: Preview: Snippet 47 ended.(1140322+0x19060265).
<-><->
      
l.108         \end{align*}
                          
Not a real error.


LaTeX Warning: Command \pdfstringdef invalid in math mode on input line 108.

[47]
Package mdframed Info: mdframed detected package amsthm 
 changed the theorem header of amsthm
(mdframed)              on input line 110.
Package mdframed Info: mdframed detected package amsthm 
 changed the theorem header of amsthm
(mdframed)              on input line 112.

./_region_.tex:115: Preview: Snippet 48 started.
<-><->
      
l.115             \item[(a)] $
                              \displaystyle\int\sin(x)\cos(x)dx$.
Not a real error.

./_region_.tex:115: Preview: Snippet 48 ended.(924793+531578x5808423).
<-><->
      
l.115 ...[(a)] $\displaystyle\int\sin(x)\cos(x)dx$
                                                  .
Not a real error.

[48]
./_region_.tex:116: Preview: Snippet 49 started.
<-><->
      
l.116             \item[(b)] $
                              \displaystyle\int\frac{\ln(x)}{x}dx$.
Not a real error.

./_region_.tex:116: Preview: Snippet 49 ended.(1121851+539454x3463414).
<-><->
      
l.116 ...b)] $\displaystyle\int\frac{\ln(x)}{x}dx$
                                                  .
Not a real error.

[49]
Package mdframed Info: mdframed detected package amsthm 
 changed the theorem header of amsthm
(mdframed)              on input line 118.

./_region_.tex:121: Preview: Snippet 50 started.
<-><->
      
l.121         (a) $
                   \displaystyle\int\sin(x)\cos(x)dx$.\\
Not a real error.

./_region_.tex:121: Preview: Snippet 50 ended.(924793+531578x5808423).
<-><->
      
l.121 ...  (a) $\displaystyle\int\sin(x)\cos(x)dx$
                                                  .\\
Not a real error.

[50]
./_region_.tex:122: Preview: Snippet 51 started.
<-><->
      
l.122         Hagamos $
                       u=\sin(x)$ y $du=\cos(x)dx$. Por lo tanto
Not a real error.

./_region_.tex:122: Preview: Snippet 51 ended.(589824+196608x3459820).
<-><->
      
l.122         Hagamos $u=\sin(x)$
                                  y $du=\cos(x)dx$. Por lo tanto
Not a real error.

[51]
./_region_.tex:122: Preview: Snippet 52 started.
<-><->
      
l.122         Hagamos $u=\sin(x)$ y $
                                     du=\cos(x)dx$. Por lo tanto
Not a real error.

./_region_.tex:122: Preview: Snippet 52 ended.(589824+196608x4779434).
<-><->
      
l.122         Hagamos $u=\sin(x)$ y $du=\cos(x)dx$
                                                  . Por lo tanto
Not a real error.

[52]
./_region_.tex:123: Preview: Snippet 53 started.
<-><->
      
l.123         \begin{align*}
                            
Not a real error.

./_region_.tex:127: Preview: Snippet 53 ended.(5114099+0x21796394).
<-><->
      
l.127         \end{align*}
                          
Not a real error.


LaTeX Warning: Command \pdfstringdef invalid in math mode on input line 127.

[53]
./_region_.tex:128: Preview: Snippet 54 started.
<-><->
      
l.128         (b) $
                   \displaystyle\int\frac{\ln(x)}{x}dx$.\\
Not a real error.

./_region_.tex:128: Preview: Snippet 54 ended.(1121851+539454x3463414).
<-><->
      
l.128 ...(b) $\displaystyle\int\frac{\ln(x)}{x}dx$
                                                  .\\
Not a real error.

[54]
./_region_.tex:129: Preview: Snippet 55 started.
<-><->
      
l.129         Sea $
                   u=\ln(x)$ y $du=\frac{1}{x}dx$. En consecuencia
Not a real error.

./_region_.tex:129: Preview: Snippet 55 ended.(589824+196608x3156082).
<-><->
      
l.129         Sea $u=\ln(x)$
                             y $du=\frac{1}{x}dx$. En consecuencia
Not a real error.

[55]
./_region_.tex:129: Preview: Snippet 56 started.
<-><->
      
l.129         Sea $u=\ln(x)$ y $
                                du=\frac{1}{x}dx$. En consecuencia
Not a real error.

./_region_.tex:129: Preview: Snippet 56 ended.(647514+271194x3182808).
<-><->
      
l.129         Sea $u=\ln(x)$ y $du=\frac{1}{x}dx$
                                                 . En consecuencia
Not a real error.

[56]
./_region_.tex:130: Preview: Snippet 57 started.
<-><->
      
l.130         \begin{align*}
                            
Not a real error.

./_region_.tex:134: Preview: Snippet 57 ended.(5319033+0x20365071).
<-><->
      
l.134         \end{align*}
                          
Not a real error.


LaTeX Warning: Command \pdfstringdef invalid in math mode on input line 134.

[57]

Package mdframed Info: mdframed detected package amsthm 
 changed the theorem header of amsthm
(mdframed)              on input line 137.
./_region_.tex:139: Preview: Snippet 58 started.
<-><->
      
l.139             \item[(a)] $
                              \displaystyle\int\frac{1}{\sqrt{4-x^{2}}}dx$.
Not a real error.

./_region_.tex:139: Preview: Snippet 58 ended.(1027266+713025x4531891).
<-><->
      
l.139 ...splaystyle\int\frac{1}{\sqrt{4-x^{2}}}dx$
                                                  .
Not a real error.

[58]
./_region_.tex:140: Preview: Snippet 59 started.
<-><->
      
l.140             \item[(b)] $
                              \displaystyle\int\frac{1}{\sqrt{9+x^{2}}}dx$.
Not a real error.

./_region_.tex:140: Preview: Snippet 59 ended.(1027266+713025x4519154).
<-><->
      
l.140 ...splaystyle\int\frac{1}{\sqrt{9+x^{2}}}dx$
                                                  .
Not a real error.

[59]
./_region_.tex:141: Preview: Snippet 60 started.
<-><->
      
l.141             \item[(c)] $
                              \displaystyle\int\frac{1}{\sqrt{x^{2}-2}}dx$.
Not a real error.

./_region_.tex:141: Preview: Snippet 60 ended.(1027266+713025x4531891).
<-><->
      
l.141 ...splaystyle\int\frac{1}{\sqrt{x^{2}-2}}dx$
                                                  .
Not a real error.

[60]
Package mdframed Info: mdframed detected package amsthm 
 changed the theorem header of amsthm
(mdframed)              on input line 143.

./_region_.tex:146: Preview: Snippet 61 started.
<-><->
      
l.146         (a) $
                   \displaystyle\int\frac{1}{\sqrt{4-x^{2}}}dx$.\\
Not a real error.

./_region_.tex:146: Preview: Snippet 61 ended.(1027266+713025x4531891).
<-><->
      
l.146 ...splaystyle\int\frac{1}{\sqrt{4-x^{2}}}dx$
                                                  .\\
Not a real error.

[61]
./_region_.tex:147: Preview: Snippet 62 started.
<-><->
      
l.147         Hagamos $
                       x=2\sin\paren{\theta}$ y $dx=2\cos\paren{\theta}d\the...
Not a real error.

./_region_.tex:147: Preview: Snippet 62 ended.(589824+196608x4048957).
<-><->
      
l.147         Hagamos $x=2\sin\paren{\theta}$
                                              y $dx=2\cos\paren{\theta}d\the...
Not a real error.

[62]
./_region_.tex:147: Preview: Snippet 63 started.
<-><->
      
l.147         Hagamos $x=2\sin\paren{\theta}$ y $
                                                 dx=2\cos\paren{\theta}d\the...
Not a real error.

./_region_.tex:147: Preview: Snippet 63 ended.(589824+196608x5442296).
<-><->
      
l.147 ...theta}$ y $dx=2\cos\paren{\theta}d\theta$
                                                  .
Not a real error.

[63]
./_region_.tex:149: Preview: Snippet 64 started.
<-><->
      
l.149         \begin{align*}
                            
Not a real error.

./_region_.tex:153: Preview: Snippet 64 ended.(6110332+0x22482044).
<-><->
      
l.153         \end{align*}
                          
Not a real error.


LaTeX Warning: Command \pdfstringdef invalid in math mode on input line 153.

[64]
./_region_.tex:154: Preview: Snippet 65 started.
<-><->
      
l.154         Notemos que $
                           \theta=\arcsin\paren{\frac{x}{2}}$. Así,
Not a real error.

./_region_.tex:154: Preview: Snippet 65 ended.(786437+393222x4776726).
<-><->
      
l.154 ...s que $\theta=\arcsin\paren{\frac{x}{2}}$
                                                  . Así,
Not a real error.

[65]
./_region_.tex:155: Preview: Snippet 66 started.
<-><->
      
l.155         \begin{equation*}
                               
Not a real error.

./_region_.tex:157: Preview: Snippet 66 ended.(1740291+0x21571822).
<-><->
      
l.157         \end{equation*}
                             
Not a real error.

[66]
./_region_.tex:158: Preview: Snippet 67 started.
<-><->
      
l.158         (b) $
                   \displaystyle\int\frac{1}{\sqrt{9+x^{2}}}dx$.\\
Not a real error.

./_region_.tex:158: Preview: Snippet 67 ended.(1027266+713025x4519154).
<-><->
      
l.158 ...splaystyle\int\frac{1}{\sqrt{9+x^{2}}}dx$
                                                  .\\
Not a real error.

[67]
./_region_.tex:159: Preview: Snippet 68 started.
<-><->
      
l.159         Sea $
                   x=3\tan\paren{\theta}$ y $dx=3\sec^{2}\paren{\theta}d\the...
Not a real error.

./_region_.tex:159: Preview: Snippet 68 ended.(589824+196608x4215789).
<-><->
      
l.159         Sea $x=3\tan\paren{\theta}$
                                          y $dx=3\sec^{2}\paren{\theta}d\the...
Not a real error.

[68]
./_region_.tex:159: Preview: Snippet 69 started.
<-><->
      
l.159         Sea $x=3\tan\paren{\theta}$ y $
                                             dx=3\sec^{2}\paren{\theta}d\the...
Not a real error.

./_region_.tex:159: Preview: Snippet 69 ended.(623261+196608x5710797).
<-><->
      
l.159 ...a}$ y $dx=3\sec^{2}\paren{\theta}d\theta$
                                                  . Entonces
Not a real error.

[69]
./_region_.tex:160: Preview: Snippet 70 started.
<-><->
      
l.160         $
               \tan\paren{\theta}=\frac{x}{3}$ y $\sec\paren{\theta}=\frac{\...
Not a real error.

./_region_.tex:160: Preview: Snippet 70 ended.(589824+271194x3732971).
<-><->
      
l.160         $\tan\paren{\theta}=\frac{x}{3}$
                                               y $\sec\paren{\theta}=\frac{\...
Not a real error.

[70]
./_region_.tex:160: Preview: Snippet 71 started.
<-><->
      
l.160         $\tan\paren{\theta}=\frac{x}{3}$ y $
                                                  \sec\paren{\theta}=\frac{\...
Not a real error.

./_region_.tex:160: Preview: Snippet 71 ended.(797637+271194x5054184).
<-><->
      
l.160 ...c\paren{\theta}=\frac{\sqrt{x^{2}+9}}{3}$
                                                  .
Not a real error.

[71]
./_region_.tex:162: Preview: Snippet 72 started.
<-><->
      
l.162         \begin{align*}
                            
Not a real error.

./_region_.tex:167: Preview: Snippet 72 ended.(7895721+0x23274858).
<-><->
      
l.167         \end{align*}
                          
Not a real error.


LaTeX Warning: Command \pdfstringdef invalid in math mode on input line 167.

[72]
./_region_.tex:169: Preview: Snippet 73 started.
<-><->
      
l.169         \begin{equation*}
                               
Not a real error.

./_region_.tex:171: Preview: Snippet 73 ended.(2027505+0x23076822).
<-><->
      
l.171         \end{equation*}
                             
Not a real error.

[73]
./_region_.tex:172: Preview: Snippet 74 started.
<-><->
      
l.172         (c) $
                   \displaystyle\int\frac{1}{\sqrt{x^{2}-2}}dx$.\\
Not a real error.

./_region_.tex:172: Preview: Snippet 74 ended.(1027266+713025x4531891).
<-><->
      
l.172 ...splaystyle\int\frac{1}{\sqrt{x^{2}-2}}dx$
                                                  .\\
Not a real error.

[74]
./_region_.tex:173: Preview: Snippet 75 started.
<-><->
      
l.173         Sea $
                   x=\sqrt{2}\sec\paren{\theta}$ y $dx=\sqrt{2}\sec\paren{\t...
Not a real error.

./_region_.tex:173: Preview: Snippet 75 ended.(704402+196608x4743292).
<-><->
      
l.173         Sea $x=\sqrt{2}\sec\paren{\theta}$
                                                 y $dx=\sqrt{2}\sec\paren{\t...
Not a real error.

[75]
./_region_.tex:173: Preview: Snippet 76 started.
<-><->
      
l.173 ...   Sea $x=\sqrt{2}\sec\paren{\theta}$ y $
                                                  dx=\sqrt{2}\sec\paren{\the...
Not a real error.

./_region_.tex:173: Preview: Snippet 76 ended.(704402+196608x8412209).
<-><->
      
l.173 ...c\paren{\theta}\tan\paren{\theta}d\theta$
                                                  . Entonces
Not a real error.

[76]
./_region_.tex:174: Preview: Snippet 77 started.
<-><->
      
l.174         $
               \sec\paren{\theta}=\frac{x\sqrt{2}}{2}$ y $\tan\paren{\theta}...
Not a real error.

./_region_.tex:174: Preview: Snippet 77 ended.(792495+271194x4347860).
<-><->
      
l.174 ... $\sec\paren{\theta}=\frac{x\sqrt{2}}{2}$
                                                   y $\tan\paren{\theta}=\fr...
Not a real error.

[77]
./_region_.tex:174: Preview: Snippet 78 started.
<-><->
      
l.174 ...ec\paren{\theta}=\frac{x\sqrt{2}}{2}$ y $
                                                  \tan\paren{\theta}=\frac{\...
Not a real error.

./_region_.tex:174: Preview: Snippet 78 ended.(797592+271194x5460585).
<-><->
      
l.174 ...\paren{\theta}=\frac{\sqrt{2x^{2}-4}}{2}$
                                                  . En consecuencia,
Not a real error.

[78]
./_region_.tex:175: Preview: Snippet 79 started.
<-><->
      
l.175         \begin{align*}
                            
Not a real error.

./_region_.tex:180: Preview: Snippet 79 ended.(8058003+0x23241634).
<-><->
      
l.180         \end{align*}
                          
Not a real error.


LaTeX Warning: Command \pdfstringdef invalid in math mode on input line 180.

[79]
./_region_.tex:182: Preview: Snippet 80 started.
<-><->
      
l.182         \begin{equation*}
                               
Not a real error.

./_region_.tex:184: Preview: Snippet 80 ended.(2025015+0x23802263).
<-><->
      
l.184         \end{equation*}
                             
Not a real error.

[80]
Package mdframed Info: mdframed detected package amsthm 
 changed the theorem header of amsthm
(mdframed)              on input line 187.

./_region_.tex:189: Preview: Snippet 81 started.
<-><->
      
l.189         \begin{align*}
                            
Not a real error.

./_region_.tex:191: Preview: Snippet 81 ended.(1632256+0x18830401).
<-><->
      
l.191         \end{align*}
                          
Not a real error.


LaTeX Warning: Command \pdfstringdef invalid in math mode on input line 191.

[81]
Package mdframed Info: mdframed detected package amsthm 
 changed the theorem header of amsthm
(mdframed)              on input line 192.

./_region_.tex:198: Preview: Snippet 82 started.
<-><->
      
l.198         \begin{equation*}
                               
Not a real error.

./_region_.tex:200: Preview: Snippet 82 ended.(859190+0x21915289).
<-><->
      
l.200         \end{equation*}
                             
Not a real error.

[82]
./_region_.tex:201: Preview: Snippet 83 started.
<-><->
      
l.201         Por el factor $
                             (x-7)$ la descomposición del integrando en fra...
Not a real error.

./_region_.tex:201: Preview: Snippet 83 ended.(589824+196608x2382712).
<-><->
      
l.201         Por el factor $(x-7)$
                                    la descomposición del integrando en fra...
Not a real error.

[83]
./_region_.tex:203: Preview: Snippet 84 started.
<-><->
      
l.203         \begin{equation*}
                               
Not a real error.

./_region_.tex:205: Preview: Snippet 84 ended.(1674412+0x17752662).
<-><->
      
l.205         \end{equation*}
                             
Not a real error.

[84]
./_region_.tex:206: Preview: Snippet 85 started.
<-><->
      
l.206         y por el factor $
                               (x+2)$ la descomposición del integrando en f...
Not a real error.

./_region_.tex:206: Preview: Snippet 85 ended.(589824+196608x2369975).
<-><->
      
l.206         y por el factor $(x+2)$
                                      la descomposición del integrando en f...
Not a real error.

[85]
./_region_.tex:208: Preview: Snippet 86 started.
<-><->
      
l.208         \begin{equation*}
                               
Not a real error.

./_region_.tex:210: Preview: Snippet 86 ended.(1669431+0x17853244).
<-><->
      
l.210         \end{equation*}
                             
Not a real error.

[86]
./_region_.tex:212: Preview: Snippet 87 started.
<-><->
      
l.212         \begin{equation}
                              
Not a real error.

./_region_.tex:214: Preview: Snippet 87 ended.(1674412+0x33564238).
<-><->
      
l.214         \end{equation}
                            
Not a real error.

[87{/usr/share/texmf-dist/fonts/enc/dvips/lm/lm-ec.enc}]
./_region_.tex:215: Preview: Snippet 88 started.
<-><->
      
l.215         Notemos que $
                           A$ y $B$ cumplen (1) si y solo si $A$ y $B$ cumpl...
Not a real error.

./_region_.tex:215: Preview: Snippet 88 ended.(537395+0x577257).
<-><->
      
l.215         Notemos que $A$
                              y $B$ cumplen (1) si y solo si $A$ y $B$ cumpl...
Not a real error.

[88]
./_region_.tex:215: Preview: Snippet 89 started.
<-><->
      
l.215         Notemos que $A$ y $
                                 B$ cumplen (1) si y solo si $A$ y $B$ cumpl...
Not a real error.

./_region_.tex:215: Preview: Snippet 89 ended.(537395+0x624680).
<-><->
      
l.215         Notemos que $A$ y $B$
                                    cumplen (1) si y solo si $A$ y $B$ cumpl...
Not a real error.

[89]
./_region_.tex:215: Preview: Snippet 90 started.
<-><->
      
l.215 ... que $A$ y $B$ cumplen (1) si y solo si $
                                                  A$ y $B$ cumple que
Not a real error.

./_region_.tex:215: Preview: Snippet 90 ended.(537395+0x577257).
<-><->
      
l.215 ...ue $A$ y $B$ cumplen (1) si y solo si $A$
                                                   y $B$ cumple que
Not a real error.

[90]
./_region_.tex:215: Preview: Snippet 91 started.
<-><->
      
l.215 ...A$ y $B$ cumplen (1) si y solo si $A$ y $
                                                  B$ cumple que
Not a real error.

./_region_.tex:215: Preview: Snippet 91 ended.(537395+0x624680).
<-><->
      
l.215 ... y $B$ cumplen (1) si y solo si $A$ y $B$
                                                   cumple que
Not a real error.

[91]
./_region_.tex:216: Preview: Snippet 92 started.
<-><->
      
l.216         \begin{equation}
                              
Not a real error.

./_region_.tex:218: Preview: Snippet 92 ended.(786432+0x33564238).
<-><->
      
l.218         \end{equation}
                            
Not a real error.

[92]
./_region_.tex:220: Preview: Snippet 93 started.
<-><->
      
l.220         \begin{equation}
                              
Not a real error.

./_region_.tex:222: Preview: Snippet 93 ended.(786432+0x33564238).
<-><->
      
l.222         \end{equation}
                            
Not a real error.

[93]
./_region_.tex:224: Preview: Snippet 94 started.
<-><->
      
l.224         obtenemos que $
                             A$ y $B$ satisfacen el sistema de ecuaciones
Not a real error.

./_region_.tex:224: Preview: Snippet 94 ended.(537395+0x577257).
<-><->
      
l.224         obtenemos que $A$
                                y $B$ satisfacen el sistema de ecuaciones
Not a real error.

[94]
./_region_.tex:224: Preview: Snippet 95 started.
<-><->
      
l.224         obtenemos que $A$ y $
                                   B$ satisfacen el sistema de ecuaciones
Not a real error.

./_region_.tex:224: Preview: Snippet 95 ended.(537395+0x624680).
<-><->
      
l.224         obtenemos que $A$ y $B$
                                      satisfacen el sistema de ecuaciones
Not a real error.

[95]
./_region_.tex:225: Preview: Snippet 96 started.
<-><->
      
l.225         \begin{align*}
                            
Not a real error.

./_region_.tex:228: Preview: Snippet 96 ended.(2477253+0x19151646).
<-><->
      
l.228         \end{align*}
                          
Not a real error.


LaTeX Warning: Command \pdfstringdef invalid in math mode on input line 228.

[96]
./_region_.tex:229: Preview: Snippet 97 started.
<-><->
      
l.229         cuya solución es $
                                 A=2$ y $B=-1$. Por lo cual
Not a real error.

./_region_.tex:229: Preview: Snippet 97 ended.(537395+0x1998114).
<-><->
      
l.229         cuya solución es $A=2$
                                      y $B=-1$. Por lo cual
Not a real error.

[97]
./_region_.tex:229: Preview: Snippet 98 started.
<-><->
      
l.229         cuya solución es $A=2$ y $
                                         B=-1$. Por lo cual
Not a real error.

./_region_.tex:229: Preview: Snippet 98 ended.(537395+65536x2657208).
<-><->
      
l.229         cuya solución es $A=2$ y $B=-1$
                                              . Por lo cual
Not a real error.

[98]
./_region_.tex:230: Preview: Snippet 99 started.
<-><->
      
l.230         \begin{equation*}
                               
Not a real error.

./_region_.tex:232: Preview: Snippet 99 ended.(1632256+0x21925952).
<-><->
      
l.232         \end{equation*}
                             
Not a real error.

[99]
./_region_.tex:234: Preview: Snippet 100 started.
<-><->
      
l.234         \begin{align*}
                            
Not a real error.

./_region_.tex:237: Preview: Snippet 100 ended.(3034722+0x23574662).
<-><->
      
l.237         \end{align*}
                          
Not a real error.


LaTeX Warning: Command \pdfstringdef invalid in math mode on input line 237.

[100]
Package mdframed Info: mdframed detected package amsthm 
 changed the theorem header of amsthm
(mdframed)              on input line 240.

./_region_.tex:241: Preview: Snippet 101 started.
<-><->
      
l.241 ...la definición 10 no dependen del punto $
                                                  p$ en cuestión.
Not a real error.

./_region_.tex:241: Preview: Snippet 101 ended.(338603+152916x386477).
<-><->
      
l.241 ... definición 10 no dependen del punto $p$
                                                   en cuestión.
Not a real error.

[101]
Package mdframed Info: mdframed detected package amsthm 
 changed the theorem header of amsthm
(mdframed)              on input line 242.




 ***********
LaTeX2e <2024-11-01> patch level 2
L3 programming layer <2025-01-18>
 ***********
 ) 
Here is how much of TeX's memory you used:
 1131 strings out of 434455
 19644 string characters out of 4855993
 1394252 words of memory out of 5000000
 62294 multiletter control sequences out of 15000+600000
 599901 words of font info for 69 fonts, out of 8000000 for 9000
 1141 hyphenation exceptions out of 8191
 46i,15n,56p,573b,1192s stack positions out of 10000i,1000n,20000p,200000b,200000s
</usr/share/texmf-dist/fonts/type1/public/lm/lmex10.pfb></usr/share/texmf-dist/fonts/type1/public/lm/lmmi12.pfb></usr/share/texmf-dist/fonts/type1/public/lm/lmmi8.pfb></usr/share/texmf-dist/fonts/type1/public/lm/lmr12.pfb></usr/share/texmf-dist/fonts/type1/public/lm/lmr6.pfb></usr/share/texmf-dist/fonts/type1/public/lm/lmr8.pfb></usr/share/texmf-dist/fonts/type1/public/lm/lmsy10.pfb></usr/share/texmf-dist/fonts/type1/public/lm/lmsy8.pfb>
Output written on _region_.pdf (101 pages, 125463 bytes).
PDF statistics:
 535 PDF objects out of 1000 (max. 8388607)
 386 compressed objects within 4 object streams
 104 named destinations out of 1000 (max. 500000)
 109 words of extra memory for PDF output out of 10000 (max. 10000000)

